<?xml version="1.0" encoding="UTF-8"?>
<testng-results skipped="0" failed="0" total="1" passed="1">
  <reporter-output>
  </reporter-output>
  <suite name="Default suite" duration-ms="44242" started-at="2021-04-19T15:16:10Z" finished-at="2021-04-19T15:16:54Z">
    <groups>
      <group name="cucumber">
        <method signature="AbstractTestNGCucumberTests.runScenario(io.cucumber.testng.PickleWrapper, io.cucumber.testng.FeatureWrapper)[pri:0, instance:Assignment_runner.Assignment_Runner@79ca92b9]" name="runScenario" class="io.cucumber.testng.AbstractTestNGCucumberTests"/>
      </group> <!-- cucumber -->
    </groups>
    <test name="Default test" duration-ms="44242" started-at="2021-04-19T15:16:10Z" finished-at="2021-04-19T15:16:54Z">
      <class name="Assignment_runner.Assignment_Runner">
        <test-method status="PASS" signature="setUpClass()[pri:0, instance:Assignment_runner.Assignment_Runner@79ca92b9]" name="setUpClass" is-config="true" duration-ms="715" started-at="2021-04-19T20:46:10Z" finished-at="2021-04-19T20:46:11Z">
          <reporter-output>
          </reporter-output>
        </test-method> <!-- setUpClass -->
        <test-method status="PASS" signature="runScenario(io.cucumber.testng.PickleWrapper, io.cucumber.testng.FeatureWrapper)[pri:0, instance:Assignment_runner.Assignment_Runner@79ca92b9]" name="runScenario" duration-ms="43261" started-at="2021-04-19T20:46:11Z" description="Runs Cucumber Scenarios" data-provider="scenarios" finished-at="2021-04-19T20:46:54Z">
          <params>
            <param index="0">
              <value>
                <![CDATA["Signup into E-learn website"]]>
              </value>
            </param>
            <param index="1">
              <value>
                <![CDATA["Optional[Signup into the E-learning website]"]]>
              </value>
            </param>
          </params>
          <reporter-output>
          </reporter-output>
        </test-method> <!-- runScenario -->
        <test-method status="PASS" signature="tearDownClass()[pri:0, instance:Assignment_runner.Assignment_Runner@79ca92b9]" name="tearDownClass" is-config="true" duration-ms="238" started-at="2021-04-19T20:46:54Z" finished-at="2021-04-19T20:46:54Z">
          <reporter-output>
          </reporter-output>
        </test-method> <!-- tearDownClass -->
      </class> <!-- Assignment_runner.Assignment_Runner -->
    </test> <!-- Default test -->
  </suite> <!-- Default suite -->
</testng-results>
