<?xml version="1.0" encoding="UTF-8" standalone="no"?>
<testsuite errors="0" failures="0" name="io.cucumber.core.plugin.JUnitFormatter" skipped="0" tests="1" time="43.305">
<testcase classname="Signup into the E-learning website" name="Signup into E-learn website" time="42.993">
<system-out><![CDATA[Given Signup into E-learn website...........................................passed
When Enter Fname,Lname,Email................................................passed
Then Click on Submit........................................................passed
]]></system-out>
</testcase>
</testsuite>
